REPOSITORY                 TAG       IMAGE ID       CREATED              SIZE
dparshin/ubuntu-tmp-file   latest    7a20e08507f8   About a minute ago   63.3MB
ubuntu                     18.04     c090eaba6b94   10 days ago          63.3MB
nginx                      latest    f6d0b4767a6c   2 weeks ago          133MB
hello-world                latest    bf756fb1ae65   13 months ago        13.3kB

Образ - это шаблоны из которых создаются контейнеры, он состоит из слоёв доступных только для чтения.
Чтобы создать контейнер, движок Docker берет образ, добавляет доступный для записи верхний слой и
инициализирует различные параметры (сетевые порты, имя контейнера, идентификатор и лимиты ресурсов).
С помощью команд docker inspect <u_container_id> и docker inspect <u_image_id> можно увидеть различия между образами и контейнерами.
У контейнера есть параметры ограничения ресурсов:
    "CpuShares": 0,
    "Memory": 0,
    "NanoCpus": 0,
    "CgroupParent": "",
    "BlkioWeight": 0,
Также есть раздел где указаны пастройки сети
    "MacAddress": "02:42:ac:11:00:03",
    "Networks": {
    "bridge": {
    "IPAMConfig": null,
    "Links": null,
    "Aliases": null,
    "NetworkID": "14e95127d7ad30014662ffd4b642b2e53474ad963bcabfabcbc244eacac5939e",
    "EndpointID": "c065ebcf25df300e40fb8512ccbf9d771277a0e229b6d825031c4cc0c980bb74",
    "Gateway": "172.17.0.1",
    "IPAddress": "172.17.0.3"
В параметрах образа такого нет.
